\BOOKMARK [0][-]{chapter.1}{Introduction}{}% 1
\BOOKMARK [1][-]{section.1.1}{Location of files}{chapter.1}% 2
\BOOKMARK [1][-]{section.1.2}{Writing Content}{chapter.1}% 3
\BOOKMARK [1][-]{section.1.3}{Formatting}{chapter.1}% 4
\BOOKMARK [2][-]{subsection.1.3.1}{Labeling}{section.1.3}% 5
\BOOKMARK [2][-]{subsection.1.3.2}{Referring Components}{section.1.3}% 6
\BOOKMARK [2][-]{subsection.1.3.3}{Figures}{section.1.3}% 7
\BOOKMARK [1][-]{section.1.4}{Adding Tables}{chapter.1}% 8
\BOOKMARK [1][-]{section.1.5}{Code Listing}{chapter.1}% 9
\BOOKMARK [1][-]{section.1.6}{References}{chapter.1}% 10
\BOOKMARK [1][-]{section.1.7}{Directory Trees}{chapter.1}% 11
\BOOKMARK [0][-]{chapter.2}{Project Management}{}% 12
\BOOKMARK [1][-]{section.2.1}{Risk Analysis}{chapter.2}% 13
\BOOKMARK [1][-]{section.2.2}{Time Management}{chapter.2}% 14
\BOOKMARK [1][-]{section.2.3}{Weekly Meetings}{chapter.2}% 15
\BOOKMARK [1][-]{section.2.4}{Team Management}{chapter.2}% 16
\BOOKMARK [2][-]{subsection.2.4.1}{Dividing Work}{section.2.4}% 17
\BOOKMARK [2][-]{subsection.2.4.2}{Collaboration}{section.2.4}% 18
\BOOKMARK [2][-]{subsection.2.4.3}{Team Skills}{section.2.4}% 19
\BOOKMARK [2][-]{subsection.2.4.4}{Team Inclusion and Honesty}{section.2.4}% 20
\BOOKMARK [1][-]{section.2.5}{Code Quality Management}{chapter.2}% 21
\BOOKMARK [1][-]{section.2.6}{Code Submission Process}{chapter.2}% 22
\BOOKMARK [0][-]{chapter.3}{Background Reading}{}% 23
\BOOKMARK [1][-]{section.3.1}{Synote}{chapter.3}% 24
\BOOKMARK [2][-]{subsection.3.1.1}{Conventions}{section.3.1}% 25
\BOOKMARK [1][-]{section.3.2}{Payment Systems}{chapter.3}% 26
\BOOKMARK [2][-]{subsection.3.2.1}{Introduction}{section.3.2}% 27
\BOOKMARK [2][-]{subsection.3.2.2}{Considerations}{section.3.2}% 28
\BOOKMARK [2][-]{subsection.3.2.3}{Gathering Payment Data}{section.3.2}% 29
\BOOKMARK [1][-]{section.3.3}{Frameworks}{chapter.3}% 30
\BOOKMARK [1][-]{section.3.4}{Testing}{chapter.3}% 31
\BOOKMARK [1][-]{section.3.5}{JavaScript Test Frameworks}{chapter.3}% 32
\BOOKMARK [1][-]{section.3.6}{QA Process}{chapter.3}% 33
\BOOKMARK [0][-]{chapter.4}{Payment Feature}{}% 34
\BOOKMARK [1][-]{section.4.1}{Sever Side Implementation}{chapter.4}% 35
\BOOKMARK [1][-]{section.4.2}{Server Side Testing}{chapter.4}% 36
\BOOKMARK [1][-]{section.4.3}{Client Side Design}{chapter.4}% 37
\BOOKMARK [2][-]{subsection.4.3.1}{Screenshots}{section.4.3}% 38
\BOOKMARK [2][-]{subsection.4.3.2}{Business Logic}{section.4.3}% 39
\BOOKMARK [2][-]{subsection.4.3.3}{Diagrams}{section.4.3}% 40
\BOOKMARK [2][-]{subsection.4.3.4}{Responsive Design}{section.4.3}% 41
\BOOKMARK [2][-]{subsection.4.3.5}{Validation Messages}{section.4.3}% 42
\BOOKMARK [0][-]{chapter.5}{E2E Test Framework}{}% 43
\BOOKMARK [1][-]{section.5.1}{Automated E2E Testing}{chapter.5}% 44
\BOOKMARK [2][-]{subsection.5.1.1}{Manual vs Automatic E2E Testing}{section.5.1}% 45
\BOOKMARK [2][-]{subsection.5.1.2}{Technologies Used}{section.5.1}% 46
\BOOKMARK [1][-]{section.5.2}{Test Framework Components}{chapter.5}% 47
\BOOKMARK [2][-]{subsection.5.2.1}{Feature Definition as Requirements}{section.5.2}% 48
\BOOKMARK [2][-]{subsection.5.2.2}{Reusable Steps Definition}{section.5.2}% 49
\BOOKMARK [2][-]{subsection.5.2.3}{Reusable Support Functions}{section.5.2}% 50
\BOOKMARK [2][-]{subsection.5.2.4}{Pre and Post Hooks}{section.5.2}% 51
\BOOKMARK [2][-]{subsection.5.2.5}{Page Objects}{section.5.2}% 52
\BOOKMARK [2][-]{subsection.5.2.6}{Reporting}{section.5.2}% 53
\BOOKMARK [2][-]{subsection.5.2.7}{Assessment}{section.5.2}% 54
\BOOKMARK [0][-]{chapter.6}{Continuous Integration}{}% 55
\BOOKMARK [1][-]{section.6.1}{Synote CI}{chapter.6}% 56
\BOOKMARK [2][-]{subsection.6.1.1}{Setting up Jenkins}{section.6.1}% 57
\BOOKMARK [2][-]{subsection.6.1.2}{Triggering Builds}{section.6.1}% 58
\BOOKMARK [1][-]{section.6.2}{Pre-build Preparation}{chapter.6}% 59
\BOOKMARK [1][-]{section.6.3}{Synote Build}{chapter.6}% 60
\BOOKMARK [2][-]{subsection.6.3.1}{Automated Database Migration}{section.6.3}% 61
\BOOKMARK [2][-]{subsection.6.3.2}{Restarting the New Build}{section.6.3}% 62
\BOOKMARK [1][-]{section.6.4}{E2E Testing on Remote}{chapter.6}% 63
\BOOKMARK [1][-]{section.6.5}{Usefulness of CI}{chapter.6}% 64
\BOOKMARK [0][-]{chapter.7}{Further Work}{}% 65
\BOOKMARK [1][-]{subsection.7.0.1}{Server Side Testing}{chapter.7}% 66
\BOOKMARK [2][-]{subsection.7.0.2}{Auto Generated Page Objects}{subsection.7.0.1}% 67
\BOOKMARK [2][-]{subsection.7.0.3}{E2E Test Reporting}{subsection.7.0.1}% 68
\BOOKMARK [2][-]{subsection.7.0.4}{Ghost Inspector}{subsection.7.0.1}% 69
\BOOKMARK [2][-]{subsection.7.0.5}{Testing Controller}{subsection.7.0.1}% 70
\BOOKMARK [2][-]{subsection.7.0.6}{Server Side Design}{subsection.7.0.1}% 71
\BOOKMARK [0][-]{chapter.8}{Conclusion}{}% 72
\BOOKMARK [0][-]{chapter.8}{Bibliography}{}% 73
\BOOKMARK [0][-]{appendix.A}{Client Sign-off}{}% 74
\BOOKMARK [0][-]{appendix.B}{Team Member Contribution}{}% 75
\BOOKMARK [1][-]{section.B.1}{Tom Contribution}{appendix.B}% 76
\BOOKMARK [1][-]{section.B.2}{Vlad Contribution}{appendix.B}% 77
\BOOKMARK [1][-]{section.B.3}{Deepak Contribution}{appendix.B}% 78
\BOOKMARK [1][-]{section.B.4}{Shakib Contribution}{appendix.B}% 79
\BOOKMARK [0][-]{appendix.C}{Team Collaboration}{}% 80
\BOOKMARK [0][-]{appendix.D}{Code commits}{}% 81
\BOOKMARK [0][-]{appendix.E}{Server Test Cases}{}% 82
\BOOKMARK [0][-]{appendix.F}{E2E Testing}{}% 83
\BOOKMARK [0][-]{appendix.G}{Gantt Charts}{}% 84
